{"/usr/src/app/src/core/behavior/login_user.ts": {"path":"/usr/src/app/src/core/behavior/login_user.ts","statementMap":{"0":{"start":{"line":4,"column":0},"end":{"line":4,"column":13}},"1":{"start":{"line":5,"column":22},"end":{"line":5,"column":54}},"2":{"start":{"line":7,"column":8},"end":{"line":15,"column":null}},"3":{"start":{"line":9,"column":19},"end":{"line":9,"column":null}},"4":{"start":{"line":9,"column":12},"end":{"line":9,"column":null}},"5":{"start":{"line":11,"column":6},"end":{"line":11,"column":52}},"6":{"start":{"line":13,"column":6},"end":{"line":13,"column":19}},"7":{"start":{"line":16,"column":0},"end":{"line":16,"column":null}},"8":{"start":{"line":4,"column":13},"end":{"line":4,"column":22}}},"fnMap":{"0":{"name":"(anonymous_13)","decl":{"start":{"line":4,"column":0},"end":{"line":4,"column":13}},"loc":{"start":{"line":4,"column":0},"end":{"line":16,"column":null}}},"1":{"name":"LoginUser","decl":{"start":{"line":5,"column":2},"end":{"line":5,"column":22}},"loc":{"start":{"line":5,"column":54},"end":{"line":5,"column":58}}},"2":{"name":"(anonymous_15)","decl":{"start":{"line":7,"column":2},"end":{"line":7,"column":8}},"loc":{"start":{"line":7,"column":49},"end":{"line":15,"column":null}}}},"branchMap":{},"s":{"0":1,"1":3,"2":1,"3":3,"4":3,"5":2,"6":1,"7":1,"8":1},"f":{"0":1,"1":3,"2":3},"b":{}}
,"/usr/src/app/src/database/in_memory_user_data_service.ts": {"path":"/usr/src/app/src/database/in_memory_user_data_service.ts","statementMap":{"0":{"start":{"line":3,"column":0},"end":{"line":3,"column":13}},"1":{"start":{"line":4,"column":10},"end":{"line":4,"column":29}},"2":{"start":{"line":6,"column":2},"end":{"line":10,"column":null}},"3":{"start":{"line":6,"column":2},"end":{"line":6,"column":10}},"4":{"start":{"line":7,"column":4},"end":{"line":9,"column":null}},"5":{"start":{"line":8,"column":6},"end":{"line":8,"column":33}},"6":{"start":{"line":12,"column":2},"end":{"line":19,"column":null}},"7":{"start":{"line":12,"column":2},"end":{"line":12,"column":13}},"8":{"start":{"line":13,"column":4},"end":{"line":18,"column":null}},"9":{"start":{"line":14,"column":19},"end":{"line":14,"column":86}},"10":{"start":{"line":14,"column":43},"end":{"line":14,"column":51}},"11":{"start":{"line":14,"column":65},"end":{"line":14,"column":86}},"12":{"start":{"line":16,"column":6},"end":{"line":17,"column":33}},"13":{"start":{"line":16,"column":16},"end":{"line":16,"column":26}},"14":{"start":{"line":17,"column":11},"end":{"line":17,"column":33}},"15":{"start":{"line":20,"column":0},"end":{"line":20,"column":null}},"16":{"start":{"line":3,"column":13},"end":{"line":3,"column":36}}},"fnMap":{"0":{"name":"(anonymous_0)","decl":{"start":{"line":3,"column":0},"end":{"line":3,"column":13}},"loc":{"start":{"line":3,"column":0},"end":{"line":20,"column":null}}},"1":{"name":"(anonymous_2)","decl":{"start":{"line":6,"column":2},"end":{"line":6,"column":10}},"loc":{"start":{"line":6,"column":21},"end":{"line":10,"column":3}}},"2":{"name":"(anonymous_3)","decl":{"start":{"line":7,"column":23},"end":{"line":7,"column":24}},"loc":{"start":{"line":7,"column":27},"end":{"line":9,"column":5}}},"3":{"name":"(anonymous_4)","decl":{"start":{"line":12,"column":2},"end":{"line":12,"column":13}},"loc":{"start":{"line":12,"column":32},"end":{"line":19,"column":3}}},"4":{"name":"(anonymous_5)","decl":{"start":{"line":13,"column":23},"end":{"line":13,"column":24}},"loc":{"start":{"line":13,"column":32},"end":{"line":18,"column":5}}},"5":{"name":"(anonymous_6)","decl":{"start":{"line":14,"column":35},"end":{"line":14,"column":36}},"loc":{"start":{"line":14,"column":51},"end":{"line":14,"column":70}}}},"branchMap":{"0":{"loc":{"start":{"line":16,"column":6},"end":{"line":17,"column":33}},"type":"if","locations":[{"start":{"line":16,"column":6},"end":{"line":17,"column":33}},{"start":{"line":16,"column":6},"end":{"line":17,"column":33}}]}},"s":{"0":1,"1":3,"2":1,"3":1,"4":1,"5":1,"6":1,"7":2,"8":2,"9":2,"10":1,"11":1,"12":2,"13":1,"14":1,"15":1,"16":1},"f":{"0":4,"1":1,"2":1,"3":2,"4":2,"5":1},"b":{"0":[1,1]}}
}
