TN:
SF:src/core/behavior/login_user.ts
FN:4,(anonymous_13)
FN:5,LoginUser
FN:7,(anonymous_15)
FNF:3
FNH:3
FNDA:1,(anonymous_13)
FNDA:3,LoginUser
FNDA:3,(anonymous_15)
DA:4,1
DA:5,3
DA:7,1
DA:9,3
DA:11,2
DA:13,1
DA:16,1
LF:7
LH:7
BRF:0
BRH:0
end_of_record
TN:
SF:src/database/in_memory_user_data_service.ts
FN:3,(anonymous_0)
FN:6,(anonymous_2)
FN:7,(anonymous_3)
FN:12,(anonymous_4)
FN:13,(anonymous_5)
FN:14,(anonymous_6)
FNF:6
FNH:6
FNDA:4,(anonymous_0)
FNDA:1,(anonymous_2)
FNDA:1,(anonymous_3)
FNDA:2,(anonymous_4)
FNDA:2,(anonymous_5)
FNDA:1,(anonymous_6)
DA:3,1
DA:4,3
DA:6,1
DA:7,1
DA:8,1
DA:12,2
DA:13,2
DA:14,2
DA:16,2
DA:17,1
DA:20,1
LF:11
LH:11
BRDA:16,0,0,1
BRDA:16,0,1,1
BRF:2
BRH:2
end_of_record
